<?xml version="1.0" encoding="UTF-8"?>
<testsuite xmlns:xsi="http://www.w3.org/2001/XMLSchema-instance" xsi:noNamespaceSchemaLocation="https://maven.apache.org/surefire/maven-surefire-plugin/xsd/surefire-test-report.xsd" name="shoppingcart.domain.ShoppingCartTest" time="0.085" tests="3" errors="0" skipped="0" failures="0">
  <properties>
    <property name="java.specification.version" value="21"/>
    <property name="sun.jnu.encoding" value="UTF-8"/>
    <property name="java.class.path" value="/workspaces/akkademy-akka-101/Exercises/0_end/helloworld/target/test-classes:/workspaces/akkademy-akka-101/Exercises/0_end/helloworld/target/classes:/home/vscode/.m2/repository/io/akka/akka-javasdk/3.2.0/akka-javasdk-3.2.0.jar:/home/vscode/.m2/repository/org/scala-lang/scala-library/2.13.16/scala-library-2.13.16.jar:/home/vscode/.m2/repository/io/opentelemetry/opentelemetry-api/1.39.0/opentelemetry-api-1.39.0.jar:/home/vscode/.m2/repository/io/opentelemetry/opentelemetry-sdk/1.39.0/opentelemetry-sdk-1.39.0.jar:/home/vscode/.m2/repository/io/opentelemetry/opentelemetry-sdk-common/1.39.0/opentelemetry-sdk-common-1.39.0.jar:/home/vscode/.m2/repository/io/opentelemetry/opentelemetry-sdk-trace/1.39.0/opentelemetry-sdk-trace-1.39.0.jar:/home/vscode/.m2/repository/io/opentelemetry/opentelemetry-api-incubator/1.39.0-alpha/opentelemetry-api-incubator-1.39.0-alpha.jar:/home/vscode/.m2/repository/io/opentelemetry/opentelemetry-sdk-metrics/1.39.0/opentelemetry-sdk-metrics-1.39.0.jar:/home/vscode/.m2/repository/io/opentelemetry/opentelemetry-sdk-logs/1.39.0/opentelemetry-sdk-logs-1.39.0.jar:/home/vscode/.m2/repository/io/opentelemetry/opentelemetry-exporter-otlp/1.39.0/opentelemetry-exporter-otlp-1.39.0.jar:/home/vscode/.m2/repository/io/opentelemetry/opentelemetry-exporter-otlp-common/1.39.0/opentelemetry-exporter-otlp-common-1.39.0.jar:/home/vscode/.m2/repository/io/opentelemetry/opentelemetry-exporter-common/1.39.0/opentelemetry-exporter-common-1.39.0.jar:/home/vscode/.m2/repository/io/opentelemetry/opentelemetry-exporter-sender-okhttp/1.39.0/opentelemetry-exporter-sender-okhttp-1.39.0.jar:/home/vscode/.m2/repository/com/squareup/okhttp3/okhttp/4.12.0/okhttp-4.12.0.jar:/home/vscode/.m2/repository/com/squareup/okio/okio/3.6.0/okio-3.6.0.jar:/home/vscode/.m2/repository/com/squareup/okio/okio-jvm/3.6.0/okio-jvm-3.6.0.jar:/home/vscode/.m2/repository/org/jetbrains/kotlin/kotlin-stdlib-common/1.9.10/kotlin-stdlib-common-1.9.10.jar:/home/vscode/.m2/repository/org/jetbrains/kotlin/kotlin-stdlib-jdk8/1.8.21/kotlin-stdlib-jdk8-1.8.21.jar:/home/vscode/.m2/repository/org/jetbrains/kotlin/kotlin-stdlib/1.8.21/kotlin-stdlib-1.8.21.jar:/home/vscode/.m2/repository/org/jetbrains/annotations/13.0/annotations-13.0.jar:/home/vscode/.m2/repository/org/jetbrains/kotlin/kotlin-stdlib-jdk7/1.8.21/kotlin-stdlib-jdk7-1.8.21.jar:/home/vscode/.m2/repository/io/opentelemetry/opentelemetry-sdk-extension-autoconfigure-spi/1.39.0/opentelemetry-sdk-extension-autoconfigure-spi-1.39.0.jar:/home/vscode/.m2/repository/io/opentelemetry/opentelemetry-context/1.39.0/opentelemetry-context-1.39.0.jar:/home/vscode/.m2/repository/io/opentelemetry/semconv/opentelemetry-semconv/1.25.0-alpha/opentelemetry-semconv-1.25.0-alpha.jar:/home/vscode/.m2/repository/com/typesafe/akka/akka-pki_2.13/2.10.1/akka-pki_2.13-2.10.1.jar:/home/vscode/.m2/repository/com/typesafe/akka/akka-actor_2.13/2.10.1/akka-actor_2.13-2.10.1.jar:/home/vscode/.m2/repository/com/typesafe/config/1.4.3/config-1.4.3.jar:/home/vscode/.m2/repository/com/hierynomus/asn-one/0.6.0/asn-one-0.6.0.jar:/home/vscode/.m2/repository/com/typesafe/akka/akka-discovery_2.13/2.10.1/akka-discovery_2.13-2.10.1.jar:/home/vscode/.m2/repository/org/slf4j/slf4j-api/2.0.16/slf4j-api-2.0.16.jar:/home/vscode/.m2/repository/ch/qos/logback/logback-classic/1.5.12/logback-classic-1.5.12.jar:/home/vscode/.m2/repository/ch/qos/logback/logback-core/1.5.12/logback-core-1.5.12.jar:/home/vscode/.m2/repository/ch/qos/logback/contrib/logback-json-classic/0.1.5/logback-json-classic-0.1.5.jar:/home/vscode/.m2/repository/ch/qos/logback/contrib/logback-json-core/0.1.5/logback-json-core-0.1.5.jar:/home/vscode/.m2/repository/ch/qos/logback/contrib/logback-jackson/0.1.5/logback-jackson-0.1.5.jar:/home/vscode/.m2/repository/com/fasterxml/jackson/core/jackson-core/2.17.2/jackson-core-2.17.2.jar:/home/vscode/.m2/repository/com/fasterxml/jackson/core/jackson-annotations/2.17.2/jackson-annotations-2.17.2.jar:/home/vscode/.m2/repository/com/fasterxml/jackson/core/jackson-databind/2.17.2/jackson-databind-2.17.2.jar:/home/vscode/.m2/repository/com/fasterxml/jackson/datatype/jackson-datatype-jdk8/2.17.2/jackson-datatype-jdk8-2.17.2.jar:/home/vscode/.m2/repository/com/fasterxml/jackson/datatype/jackson-datatype-jsr310/2.17.2/jackson-datatype-jsr310-2.17.2.jar:/home/vscode/.m2/repository/com/fasterxml/jackson/module/jackson-module-parameter-names/2.17.2/jackson-module-parameter-names-2.17.2.jar:/home/vscode/.m2/repository/io/akka/akka-sdk-spi_2.13/1.3.6/akka-sdk-spi_2.13-1.3.6.jar:/home/vscode/.m2/repository/com/typesafe/akka/akka-http-core_2.13/10.7.0/akka-http-core_2.13-10.7.0.jar:/home/vscode/.m2/repository/com/typesafe/akka/akka-parsing_2.13/10.7.0/akka-parsing_2.13-10.7.0.jar:/home/vscode/.m2/repository/com/typesafe/akka/akka-stream_2.13/2.10.1/akka-stream_2.13-2.10.1.jar:/home/vscode/.m2/repository/com/typesafe/akka/akka-protobuf-v3_2.13/2.10.1/akka-protobuf-v3_2.13-2.10.1.jar:/home/vscode/.m2/repository/org/reactivestreams/reactive-streams/1.0.4/reactive-streams-1.0.4.jar:/home/vscode/.m2/repository/io/akka/akka-javasdk-testkit/3.2.0/akka-javasdk-testkit-3.2.0.jar:/home/vscode/.m2/repository/com/thesamet/scalapb/scalapb-runtime_2.13/0.11.17/scalapb-runtime_2.13-0.11.17.jar:/home/vscode/.m2/repository/com/thesamet/scalapb/lenses_2.13/0.11.17/lenses_2.13-0.11.17.jar:/home/vscode/.m2/repository/com/google/protobuf/protobuf-java/3.19.6/protobuf-java-3.19.6.jar:/home/vscode/.m2/repository/org/scala-lang/modules/scala-collection-compat_2.13/2.12.0/scala-collection-compat_2.13-2.12.0.jar:/home/vscode/.m2/repository/com/lightbend/akka/grpc/akka-grpc-runtime_2.13/2.5.3/akka-grpc-runtime_2.13-2.5.3.jar:/home/vscode/.m2/repository/io/grpc/grpc-protobuf/1.70.0/grpc-protobuf-1.70.0.jar:/home/vscode/.m2/repository/com/google/code/findbugs/jsr305/3.0.2/jsr305-3.0.2.jar:/home/vscode/.m2/repository/com/google/api/grpc/proto-google-common-protos/2.48.0/proto-google-common-protos-2.48.0.jar:/home/vscode/.m2/repository/io/grpc/grpc-protobuf-lite/1.70.0/grpc-protobuf-lite-1.70.0.jar:/home/vscode/.m2/repository/io/grpc/grpc-core/1.70.0/grpc-core-1.70.0.jar:/home/vscode/.m2/repository/com/google/code/gson/gson/2.11.0/gson-2.11.0.jar:/home/vscode/.m2/repository/com/google/android/annotations/4.1.1.4/annotations-4.1.1.4.jar:/home/vscode/.m2/repository/io/perfmark/perfmark-api/0.27.0/perfmark-api-0.27.0.jar:/home/vscode/.m2/repository/io/grpc/grpc-context/1.70.0/grpc-context-1.70.0.jar:/home/vscode/.m2/repository/io/grpc/grpc-netty-shaded/1.70.0/grpc-netty-shaded-1.70.0.jar:/home/vscode/.m2/repository/io/grpc/grpc-util/1.70.0/grpc-util-1.70.0.jar:/home/vscode/.m2/repository/com/typesafe/akka/akka-http_2.13/10.7.0/akka-http_2.13-10.7.0.jar:/home/vscode/.m2/repository/io/grpc/grpc-stub/1.70.0/grpc-stub-1.70.0.jar:/home/vscode/.m2/repository/io/grpc/grpc-api/1.70.0/grpc-api-1.70.0.jar:/home/vscode/.m2/repository/org/codehaus/mojo/animal-sniffer-annotations/1.24/animal-sniffer-annotations-1.24.jar:/home/vscode/.m2/repository/com/google/guava/guava/33.3.1-android/guava-33.3.1-android.jar:/home/vscode/.m2/repository/com/google/guava/failureaccess/1.0.2/failureaccess-1.0.2.jar:/home/vscode/.m2/repository/com/google/guava/listenablefuture/9999.0-empty-to-avoid-conflict-with-guava/listenablefuture-9999.0-empty-to-avoid-conflict-with-guava.jar:/home/vscode/.m2/repository/org/checkerframework/checker-qual/3.43.0/checker-qual-3.43.0.jar:/home/vscode/.m2/repository/com/google/j2objc/j2objc-annotations/3.0.0/j2objc-annotations-3.0.0.jar:/home/vscode/.m2/repository/com/google/errorprone/error_prone_annotations/2.30.0/error_prone_annotations-2.30.0.jar:/home/vscode/.m2/repository/com/typesafe/akka/akka-actor-testkit-typed_2.13/2.10.1/akka-actor-testkit-typed_2.13-2.10.1.jar:/home/vscode/.m2/repository/com/typesafe/akka/akka-actor-typed_2.13/2.10.1/akka-actor-typed_2.13-2.10.1.jar:/home/vscode/.m2/repository/com/typesafe/akka/akka-slf4j_2.13/2.10.1/akka-slf4j_2.13-2.10.1.jar:/home/vscode/.m2/repository/com/typesafe/akka/akka-stream-testkit_2.13/2.10.1/akka-stream-testkit_2.13-2.10.1.jar:/home/vscode/.m2/repository/com/typesafe/akka/akka-testkit_2.13/2.10.1/akka-testkit_2.13-2.10.1.jar:/home/vscode/.m2/repository/org/junit/jupiter/junit-jupiter/5.10.1/junit-jupiter-5.10.1.jar:/home/vscode/.m2/repository/org/junit/jupiter/junit-jupiter-api/5.10.1/junit-jupiter-api-5.10.1.jar:/home/vscode/.m2/repository/org/opentest4j/opentest4j/1.3.0/opentest4j-1.3.0.jar:/home/vscode/.m2/repository/org/junit/platform/junit-platform-commons/1.10.1/junit-platform-commons-1.10.1.jar:/home/vscode/.m2/repository/org/apiguardian/apiguardian-api/1.1.2/apiguardian-api-1.1.2.jar:/home/vscode/.m2/repository/org/junit/jupiter/junit-jupiter-params/5.10.1/junit-jupiter-params-5.10.1.jar:/home/vscode/.m2/repository/org/junit/jupiter/junit-jupiter-engine/5.10.1/junit-jupiter-engine-5.10.1.jar:/home/vscode/.m2/repository/org/junit/platform/junit-platform-engine/1.10.1/junit-platform-engine-1.10.1.jar:/home/vscode/.m2/repository/org/awaitility/awaitility/4.2.1/awaitility-4.2.1.jar:/home/vscode/.m2/repository/org/hamcrest/hamcrest/2.1/hamcrest-2.1.jar:/home/vscode/.m2/repository/org/assertj/assertj-core/3.24.2/assertj-core-3.24.2.jar:/home/vscode/.m2/repository/net/bytebuddy/byte-buddy/1.12.21/byte-buddy-1.12.21.jar:/home/vscode/.m2/repository/io/kalix/kalix-dev-runtime_2.13/1.3.6/kalix-dev-runtime_2.13-1.3.6.jar:/home/vscode/.m2/repository/io/kalix/akka-runtime-core_2.13/1.3.6/akka-runtime-core_2.13-1.3.6.jar:/home/vscode/.m2/repository/com/typesafe/akka/akka-persistence_2.13/2.10.1/akka-persistence_2.13-2.10.1.jar:/home/vscode/.m2/repository/com/typesafe/akka/akka-persistence-typed_2.13/2.10.1/akka-persistence-typed_2.13-2.10.1.jar:/home/vscode/.m2/repository/com/typesafe/akka/akka-persistence-query_2.13/2.10.1/akka-persistence-query_2.13-2.10.1.jar:/home/vscode/.m2/repository/com/typesafe/akka/akka-serialization-jackson_2.13/2.10.1/akka-serialization-jackson_2.13-2.10.1.jar:/home/vscode/.m2/repository/com/fasterxml/jackson/dataformat/jackson-dataformat-cbor/2.17.2/jackson-dataformat-cbor-2.17.2.jar:/home/vscode/.m2/repository/com/fasterxml/jackson/module/jackson-module-scala_2.13/2.17.2/jackson-module-scala_2.13-2.17.2.jar:/home/vscode/.m2/repository/com/thoughtworks/paranamer/paranamer/2.8/paranamer-2.8.jar:/home/vscode/.m2/repository/org/lz4/lz4-java/1.8.0/lz4-java-1.8.0.jar:/home/vscode/.m2/repository/com/typesafe/akka/akka-stream-typed_2.13/2.10.1/akka-stream-typed_2.13-2.10.1.jar:/home/vscode/.m2/repository/com/typesafe/akka/akka-remote_2.13/2.10.1/akka-remote_2.13-2.10.1.jar:/home/vscode/.m2/repository/org/agrona/agrona/1.22.0/agrona-1.22.0.jar:/home/vscode/.m2/repository/com/typesafe/akka/akka-cluster_2.13/2.10.1/akka-cluster_2.13-2.10.1.jar:/home/vscode/.m2/repository/com/typesafe/akka/akka-coordination_2.13/2.10.1/akka-coordination_2.13-2.10.1.jar:/home/vscode/.m2/repository/com/typesafe/akka/akka-cluster-typed_2.13/2.10.1/akka-cluster-typed_2.13-2.10.1.jar:/home/vscode/.m2/repository/com/typesafe/akka/akka-cluster-tools_2.13/2.10.1/akka-cluster-tools_2.13-2.10.1.jar:/home/vscode/.m2/repository/com/typesafe/akka/akka-distributed-data_2.13/2.10.1/akka-distributed-data_2.13-2.10.1.jar:/home/vscode/.m2/repository/org/lmdbjava/lmdbjava/0.9.0/lmdbjava-0.9.0.jar:/home/vscode/.m2/repository/com/github/jnr/jnr-constants/0.10.4/jnr-constants-0.10.4.jar:/home/vscode/.m2/repository/com/github/jnr/jnr-ffi/2.2.15/jnr-ffi-2.2.15.jar:/home/vscode/.m2/repository/com/github/jnr/jffi/1.3.12/jffi-1.3.12.jar:/home/vscode/.m2/repository/com/github/jnr/jffi/1.3.12/jffi-1.3.12-native.jar:/home/vscode/.m2/repository/org/ow2/asm/asm/9.2/asm-9.2.jar:/home/vscode/.m2/repository/org/ow2/asm/asm-commons/9.2/asm-commons-9.2.jar:/home/vscode/.m2/repository/org/ow2/asm/asm-analysis/9.2/asm-analysis-9.2.jar:/home/vscode/.m2/repository/org/ow2/asm/asm-tree/9.2/asm-tree-9.2.jar:/home/vscode/.m2/repository/org/ow2/asm/asm-util/9.2/asm-util-9.2.jar:/home/vscode/.m2/repository/com/github/jnr/jnr-a64asm/1.0.0/jnr-a64asm-1.0.0.jar:/home/vscode/.m2/repository/com/github/jnr/jnr-x86asm/1.0.2/jnr-x86asm-1.0.2.jar:/home/vscode/.m2/repository/com/typesafe/akka/akka-cluster-sharding_2.13/2.10.1/akka-cluster-sharding_2.13-2.10.1.jar:/home/vscode/.m2/repository/com/typesafe/akka/akka-cluster-sharding-typed_2.13/2.10.1/akka-cluster-sharding-typed_2.13-2.10.1.jar:/home/vscode/.m2/repository/com/typesafe/ssl-config-core_2.13/0.6.1/ssl-config-core_2.13-0.6.1.jar:/home/vscode/.m2/repository/org/scala-lang/modules/scala-parser-combinators_2.13/2.4.0/scala-parser-combinators_2.13-2.4.0.jar:/home/vscode/.m2/repository/io/grpc/grpc-auth/1.70.0/grpc-auth-1.70.0.jar:/home/vscode/.m2/repository/com/google/auth/google-auth-library-credentials/1.24.1/google-auth-library-credentials-1.24.1.jar:/home/vscode/.m2/repository/com/google/auth/google-auth-library-oauth2-http/1.32.1/google-auth-library-oauth2-http-1.32.1.jar:/home/vscode/.m2/repository/com/google/auto/value/auto-value-annotations/1.11.0/auto-value-annotations-1.11.0.jar:/home/vscode/.m2/repository/com/google/http-client/google-http-client/1.46.0/google-http-client-1.46.0.jar:/home/vscode/.m2/repository/org/apache/httpcomponents/httpclient/4.5.14/httpclient-4.5.14.jar:/home/vscode/.m2/repository/commons-codec/commons-codec/1.11/commons-codec-1.11.jar:/home/vscode/.m2/repository/org/apache/httpcomponents/httpcore/4.4.16/httpcore-4.4.16.jar:/home/vscode/.m2/repository/io/opencensus/opencensus-api/0.31.1/opencensus-api-0.31.1.jar:/home/vscode/.m2/repository/io/opencensus/opencensus-contrib-http-util/0.31.1/opencensus-contrib-http-util-0.31.1.jar:/home/vscode/.m2/repository/com/google/http-client/google-http-client-gson/1.46.0/google-http-client-gson-1.46.0.jar:/home/vscode/.m2/repository/com/typesafe/akka/akka-stream-kafka_2.13/7.0.0/akka-stream-kafka_2.13-7.0.0.jar:/home/vscode/.m2/repository/org/apache/kafka/kafka-clients/3.7.1/kafka-clients-3.7.1.jar:/home/vscode/.m2/repository/com/github/luben/zstd-jni/1.5.6-3/zstd-jni-1.5.6-3.jar:/home/vscode/.m2/repository/org/xerial/snappy/snappy-java/1.1.10.5/snappy-java-1.1.10.5.jar:/home/vscode/.m2/repository/com/typesafe/akka/akka-http-spray-json_2.13/10.7.0/akka-http-spray-json_2.13-10.7.0.jar:/home/vscode/.m2/repository/com/lightbend/akka/management/akka-management-cluster-bootstrap_2.13/1.6.0/akka-management-cluster-bootstrap_2.13-1.6.0.jar:/home/vscode/.m2/repository/com/lightbend/akka/management/akka-management_2.13/1.6.0/akka-management_2.13-1.6.0.jar:/home/vscode/.m2/repository/com/lightbend/akka/discovery/akka-discovery-kubernetes-api_2.13/1.6.0/akka-discovery-kubernetes-api_2.13-1.6.0.jar:/home/vscode/.m2/repository/com/lightbend/akka/management/akka-management-pki_2.13/1.6.0/akka-management-pki_2.13-1.6.0.jar:/home/vscode/.m2/repository/com/lightbend/akka/management/akka-rolling-update-kubernetes_2.13/1.6.0/akka-rolling-update-kubernetes_2.13-1.6.0.jar:/home/vscode/.m2/repository/com/lightbend/akka/management/akka-management-loglevels-logback_2.13/1.6.0/akka-management-loglevels-logback_2.13-1.6.0.jar:/home/vscode/.m2/repository/com/lightbend/akka/akka-projection-core_2.13/1.6.8/akka-projection-core_2.13-1.6.8.jar:/home/vscode/.m2/repository/com/lightbend/akka/akka-projection-eventsourced_2.13/1.6.8/akka-projection-eventsourced_2.13-1.6.8.jar:/home/vscode/.m2/repository/com/lightbend/akka/akka-projection-durable-state_2.13/1.6.8/akka-projection-durable-state_2.13-1.6.8.jar:/home/vscode/.m2/repository/com/lightbend/akka/akka-persistence-r2dbc_2.13/1.3.3/akka-persistence-r2dbc_2.13-1.3.3.jar:/home/vscode/.m2/repository/io/r2dbc/r2dbc-pool/1.0.2.RELEASE/r2dbc-pool-1.0.2.RELEASE.jar:/home/vscode/.m2/repository/io/projectreactor/reactor-core/3.5.20/reactor-core-3.5.20.jar:/home/vscode/.m2/repository/io/projectreactor/addons/reactor-pool/1.0.8/reactor-pool-1.0.8.jar:/home/vscode/.m2/repository/org/postgresql/r2dbc-postgresql/1.0.7.RELEASE/r2dbc-postgresql-1.0.7.RELEASE.jar:/home/vscode/.m2/repository/com/ongres/scram/client/2.1/client-2.1.jar:/home/vscode/.m2/repository/com/ongres/scram/common/2.1/common-2.1.jar:/home/vscode/.m2/repository/com/ongres/stringprep/saslprep/1.1/saslprep-1.1.jar:/home/vscode/.m2/repository/com/ongres/stringprep/stringprep/1.1/stringprep-1.1.jar:/home/vscode/.m2/repository/io/projectreactor/netty/reactor-netty-core/1.1.22/reactor-netty-core-1.1.22.jar:/home/vscode/.m2/repository/io/netty/netty-handler/4.1.112.Final/netty-handler-4.1.112.Final.jar:/home/vscode/.m2/repository/io/netty/netty-common/4.1.112.Final/netty-common-4.1.112.Final.jar:/home/vscode/.m2/repository/io/netty/netty-resolver/4.1.112.Final/netty-resolver-4.1.112.Final.jar:/home/vscode/.m2/repository/io/netty/netty-buffer/4.1.112.Final/netty-buffer-4.1.112.Final.jar:/home/vscode/.m2/repository/io/netty/netty-transport/4.1.112.Final/netty-transport-4.1.112.Final.jar:/home/vscode/.m2/repository/io/netty/netty-transport-native-unix-common/4.1.112.Final/netty-transport-native-unix-common-4.1.112.Final.jar:/home/vscode/.m2/repository/io/netty/netty-codec/4.1.112.Final/netty-codec-4.1.112.Final.jar:/home/vscode/.m2/repository/io/netty/netty-handler-proxy/4.1.112.Final/netty-handler-proxy-4.1.112.Final.jar:/home/vscode/.m2/repository/io/netty/netty-codec-socks/4.1.112.Final/netty-codec-socks-4.1.112.Final.jar:/home/vscode/.m2/repository/io/netty/netty-codec-http/4.1.112.Final/netty-codec-http-4.1.112.Final.jar:/home/vscode/.m2/repository/io/netty/netty-resolver-dns/4.1.112.Final/netty-resolver-dns-4.1.112.Final.jar:/home/vscode/.m2/repository/io/netty/netty-codec-dns/4.1.112.Final/netty-codec-dns-4.1.112.Final.jar:/home/vscode/.m2/repository/io/netty/netty-resolver-dns-native-macos/4.1.112.Final/netty-resolver-dns-native-macos-4.1.112.Final-osx-x86_64.jar:/home/vscode/.m2/repository/io/netty/netty-resolver-dns-classes-macos/4.1.112.Final/netty-resolver-dns-classes-macos-4.1.112.Final.jar:/home/vscode/.m2/repository/io/netty/netty-transport-native-epoll/4.1.112.Final/netty-transport-native-epoll-4.1.112.Final-linux-x86_64.jar:/home/vscode/.m2/repository/io/netty/netty-transport-classes-epoll/4.1.112.Final/netty-transport-classes-epoll-4.1.112.Final.jar:/home/vscode/.m2/repository/com/lightbend/akka/akka-projection-r2dbc_2.13/1.6.8/akka-projection-r2dbc_2.13-1.6.8.jar:/home/vscode/.m2/repository/com/lightbend/akka/akka-projection-grpc_2.13/1.6.8/akka-projection-grpc_2.13-1.6.8.jar:/home/vscode/.m2/repository/com/google/protobuf/protobuf-java-util/3.25.5/protobuf-java-util-3.25.5.jar:/home/vscode/.m2/repository/com/typesafe/akka/akka-persistence-testkit_2.13/2.10.1/akka-persistence-testkit_2.13-2.10.1.jar:/home/vscode/.m2/repository/io/prometheus/simpleclient/0.9.0/simpleclient-0.9.0.jar:/home/vscode/.m2/repository/io/prometheus/simpleclient_common/0.9.0/simpleclient_common-0.9.0.jar:/home/vscode/.m2/repository/io/prometheus/simpleclient_hotspot/0.9.0/simpleclient_hotspot-0.9.0.jar:/home/vscode/.m2/repository/com/github/jwt-scala/jwt-json-common_2.13/10.0.1/jwt-json-common_2.13-10.0.1.jar:/home/vscode/.m2/repository/com/github/jwt-scala/jwt-core_2.13/10.0.1/jwt-core_2.13-10.0.1.jar:/home/vscode/.m2/repository/io/spray/spray-json_2.13/1.3.6/spray-json_2.13-1.3.6.jar:/home/vscode/.m2/repository/com/h2database/h2/2.2.224/h2-2.2.224.jar:/home/vscode/.m2/repository/io/r2dbc/r2dbc-h2/1.0.0.RELEASE/r2dbc-h2-1.0.0.RELEASE.jar:/home/vscode/.m2/repository/io/r2dbc/r2dbc-spi/1.0.0.RELEASE/r2dbc-spi-1.0.0.RELEASE.jar:"/>
    <property name="java.vm.vendor" value="Microsoft"/>
    <property name="sun.arch.data.model" value="64"/>
    <property name="java.vendor.url" value="https://www.microsoft.com"/>
    <property name="os.name" value="Linux"/>
    <property name="java.vm.specification.version" value="21"/>
    <property name="sun.java.launcher" value="SUN_STANDARD"/>
    <property name="user.country" value="US"/>
    <property name="sun.boot.library.path" value="/usr/local/sdkman/candidates/java/21.0.6-ms/lib"/>
    <property name="sun.java.command" value="/workspaces/akkademy-akka-101/Exercises/0_end/helloworld/target/surefire/surefirebooter8027547349097242752.jar /workspaces/akkademy-akka-101/Exercises/0_end/helloworld/target/surefire 2025-03-25T19-08-16_132-jvmRun1 surefire16629512452083453465tmp surefire_07246251149003880624tmp"/>
    <property name="jdk.debug" value="release"/>
    <property name="surefire.test.class.path" value="/workspaces/akkademy-akka-101/Exercises/0_end/helloworld/target/test-classes:/workspaces/akkademy-akka-101/Exercises/0_end/helloworld/target/classes:/home/vscode/.m2/repository/io/akka/akka-javasdk/3.2.0/akka-javasdk-3.2.0.jar:/home/vscode/.m2/repository/org/scala-lang/scala-library/2.13.16/scala-library-2.13.16.jar:/home/vscode/.m2/repository/io/opentelemetry/opentelemetry-api/1.39.0/opentelemetry-api-1.39.0.jar:/home/vscode/.m2/repository/io/opentelemetry/opentelemetry-sdk/1.39.0/opentelemetry-sdk-1.39.0.jar:/home/vscode/.m2/repository/io/opentelemetry/opentelemetry-sdk-common/1.39.0/opentelemetry-sdk-common-1.39.0.jar:/home/vscode/.m2/repository/io/opentelemetry/opentelemetry-sdk-trace/1.39.0/opentelemetry-sdk-trace-1.39.0.jar:/home/vscode/.m2/repository/io/opentelemetry/opentelemetry-api-incubator/1.39.0-alpha/opentelemetry-api-incubator-1.39.0-alpha.jar:/home/vscode/.m2/repository/io/opentelemetry/opentelemetry-sdk-metrics/1.39.0/opentelemetry-sdk-metrics-1.39.0.jar:/home/vscode/.m2/repository/io/opentelemetry/opentelemetry-sdk-logs/1.39.0/opentelemetry-sdk-logs-1.39.0.jar:/home/vscode/.m2/repository/io/opentelemetry/opentelemetry-exporter-otlp/1.39.0/opentelemetry-exporter-otlp-1.39.0.jar:/home/vscode/.m2/repository/io/opentelemetry/opentelemetry-exporter-otlp-common/1.39.0/opentelemetry-exporter-otlp-common-1.39.0.jar:/home/vscode/.m2/repository/io/opentelemetry/opentelemetry-exporter-common/1.39.0/opentelemetry-exporter-common-1.39.0.jar:/home/vscode/.m2/repository/io/opentelemetry/opentelemetry-exporter-sender-okhttp/1.39.0/opentelemetry-exporter-sender-okhttp-1.39.0.jar:/home/vscode/.m2/repository/com/squareup/okhttp3/okhttp/4.12.0/okhttp-4.12.0.jar:/home/vscode/.m2/repository/com/squareup/okio/okio/3.6.0/okio-3.6.0.jar:/home/vscode/.m2/repository/com/squareup/okio/okio-jvm/3.6.0/okio-jvm-3.6.0.jar:/home/vscode/.m2/repository/org/jetbrains/kotlin/kotlin-stdlib-common/1.9.10/kotlin-stdlib-common-1.9.10.jar:/home/vscode/.m2/repository/org/jetbrains/kotlin/kotlin-stdlib-jdk8/1.8.21/kotlin-stdlib-jdk8-1.8.21.jar:/home/vscode/.m2/repository/org/jetbrains/kotlin/kotlin-stdlib/1.8.21/kotlin-stdlib-1.8.21.jar:/home/vscode/.m2/repository/org/jetbrains/annotations/13.0/annotations-13.0.jar:/home/vscode/.m2/repository/org/jetbrains/kotlin/kotlin-stdlib-jdk7/1.8.21/kotlin-stdlib-jdk7-1.8.21.jar:/home/vscode/.m2/repository/io/opentelemetry/opentelemetry-sdk-extension-autoconfigure-spi/1.39.0/opentelemetry-sdk-extension-autoconfigure-spi-1.39.0.jar:/home/vscode/.m2/repository/io/opentelemetry/opentelemetry-context/1.39.0/opentelemetry-context-1.39.0.jar:/home/vscode/.m2/repository/io/opentelemetry/semconv/opentelemetry-semconv/1.25.0-alpha/opentelemetry-semconv-1.25.0-alpha.jar:/home/vscode/.m2/repository/com/typesafe/akka/akka-pki_2.13/2.10.1/akka-pki_2.13-2.10.1.jar:/home/vscode/.m2/repository/com/typesafe/akka/akka-actor_2.13/2.10.1/akka-actor_2.13-2.10.1.jar:/home/vscode/.m2/repository/com/typesafe/config/1.4.3/config-1.4.3.jar:/home/vscode/.m2/repository/com/hierynomus/asn-one/0.6.0/asn-one-0.6.0.jar:/home/vscode/.m2/repository/com/typesafe/akka/akka-discovery_2.13/2.10.1/akka-discovery_2.13-2.10.1.jar:/home/vscode/.m2/repository/org/slf4j/slf4j-api/2.0.16/slf4j-api-2.0.16.jar:/home/vscode/.m2/repository/ch/qos/logback/logback-classic/1.5.12/logback-classic-1.5.12.jar:/home/vscode/.m2/repository/ch/qos/logback/logback-core/1.5.12/logback-core-1.5.12.jar:/home/vscode/.m2/repository/ch/qos/logback/contrib/logback-json-classic/0.1.5/logback-json-classic-0.1.5.jar:/home/vscode/.m2/repository/ch/qos/logback/contrib/logback-json-core/0.1.5/logback-json-core-0.1.5.jar:/home/vscode/.m2/repository/ch/qos/logback/contrib/logback-jackson/0.1.5/logback-jackson-0.1.5.jar:/home/vscode/.m2/repository/com/fasterxml/jackson/core/jackson-core/2.17.2/jackson-core-2.17.2.jar:/home/vscode/.m2/repository/com/fasterxml/jackson/core/jackson-annotations/2.17.2/jackson-annotations-2.17.2.jar:/home/vscode/.m2/repository/com/fasterxml/jackson/core/jackson-databind/2.17.2/jackson-databind-2.17.2.jar:/home/vscode/.m2/repository/com/fasterxml/jackson/datatype/jackson-datatype-jdk8/2.17.2/jackson-datatype-jdk8-2.17.2.jar:/home/vscode/.m2/repository/com/fasterxml/jackson/datatype/jackson-datatype-jsr310/2.17.2/jackson-datatype-jsr310-2.17.2.jar:/home/vscode/.m2/repository/com/fasterxml/jackson/module/jackson-module-parameter-names/2.17.2/jackson-module-parameter-names-2.17.2.jar:/home/vscode/.m2/repository/io/akka/akka-sdk-spi_2.13/1.3.6/akka-sdk-spi_2.13-1.3.6.jar:/home/vscode/.m2/repository/com/typesafe/akka/akka-http-core_2.13/10.7.0/akka-http-core_2.13-10.7.0.jar:/home/vscode/.m2/repository/com/typesafe/akka/akka-parsing_2.13/10.7.0/akka-parsing_2.13-10.7.0.jar:/home/vscode/.m2/repository/com/typesafe/akka/akka-stream_2.13/2.10.1/akka-stream_2.13-2.10.1.jar:/home/vscode/.m2/repository/com/typesafe/akka/akka-protobuf-v3_2.13/2.10.1/akka-protobuf-v3_2.13-2.10.1.jar:/home/vscode/.m2/repository/org/reactivestreams/reactive-streams/1.0.4/reactive-streams-1.0.4.jar:/home/vscode/.m2/repository/io/akka/akka-javasdk-testkit/3.2.0/akka-javasdk-testkit-3.2.0.jar:/home/vscode/.m2/repository/com/thesamet/scalapb/scalapb-runtime_2.13/0.11.17/scalapb-runtime_2.13-0.11.17.jar:/home/vscode/.m2/repository/com/thesamet/scalapb/lenses_2.13/0.11.17/lenses_2.13-0.11.17.jar:/home/vscode/.m2/repository/com/google/protobuf/protobuf-java/3.19.6/protobuf-java-3.19.6.jar:/home/vscode/.m2/repository/org/scala-lang/modules/scala-collection-compat_2.13/2.12.0/scala-collection-compat_2.13-2.12.0.jar:/home/vscode/.m2/repository/com/lightbend/akka/grpc/akka-grpc-runtime_2.13/2.5.3/akka-grpc-runtime_2.13-2.5.3.jar:/home/vscode/.m2/repository/io/grpc/grpc-protobuf/1.70.0/grpc-protobuf-1.70.0.jar:/home/vscode/.m2/repository/com/google/code/findbugs/jsr305/3.0.2/jsr305-3.0.2.jar:/home/vscode/.m2/repository/com/google/api/grpc/proto-google-common-protos/2.48.0/proto-google-common-protos-2.48.0.jar:/home/vscode/.m2/repository/io/grpc/grpc-protobuf-lite/1.70.0/grpc-protobuf-lite-1.70.0.jar:/home/vscode/.m2/repository/io/grpc/grpc-core/1.70.0/grpc-core-1.70.0.jar:/home/vscode/.m2/repository/com/google/code/gson/gson/2.11.0/gson-2.11.0.jar:/home/vscode/.m2/repository/com/google/android/annotations/4.1.1.4/annotations-4.1.1.4.jar:/home/vscode/.m2/repository/io/perfmark/perfmark-api/0.27.0/perfmark-api-0.27.0.jar:/home/vscode/.m2/repository/io/grpc/grpc-context/1.70.0/grpc-context-1.70.0.jar:/home/vscode/.m2/repository/io/grpc/grpc-netty-shaded/1.70.0/grpc-netty-shaded-1.70.0.jar:/home/vscode/.m2/repository/io/grpc/grpc-util/1.70.0/grpc-util-1.70.0.jar:/home/vscode/.m2/repository/com/typesafe/akka/akka-http_2.13/10.7.0/akka-http_2.13-10.7.0.jar:/home/vscode/.m2/repository/io/grpc/grpc-stub/1.70.0/grpc-stub-1.70.0.jar:/home/vscode/.m2/repository/io/grpc/grpc-api/1.70.0/grpc-api-1.70.0.jar:/home/vscode/.m2/repository/org/codehaus/mojo/animal-sniffer-annotations/1.24/animal-sniffer-annotations-1.24.jar:/home/vscode/.m2/repository/com/google/guava/guava/33.3.1-android/guava-33.3.1-android.jar:/home/vscode/.m2/repository/com/google/guava/failureaccess/1.0.2/failureaccess-1.0.2.jar:/home/vscode/.m2/repository/com/google/guava/listenablefuture/9999.0-empty-to-avoid-conflict-with-guava/listenablefuture-9999.0-empty-to-avoid-conflict-with-guava.jar:/home/vscode/.m2/repository/org/checkerframework/checker-qual/3.43.0/checker-qual-3.43.0.jar:/home/vscode/.m2/repository/com/google/j2objc/j2objc-annotations/3.0.0/j2objc-annotations-3.0.0.jar:/home/vscode/.m2/repository/com/google/errorprone/error_prone_annotations/2.30.0/error_prone_annotations-2.30.0.jar:/home/vscode/.m2/repository/com/typesafe/akka/akka-actor-testkit-typed_2.13/2.10.1/akka-actor-testkit-typed_2.13-2.10.1.jar:/home/vscode/.m2/repository/com/typesafe/akka/akka-actor-typed_2.13/2.10.1/akka-actor-typed_2.13-2.10.1.jar:/home/vscode/.m2/repository/com/typesafe/akka/akka-slf4j_2.13/2.10.1/akka-slf4j_2.13-2.10.1.jar:/home/vscode/.m2/repository/com/typesafe/akka/akka-stream-testkit_2.13/2.10.1/akka-stream-testkit_2.13-2.10.1.jar:/home/vscode/.m2/repository/com/typesafe/akka/akka-testkit_2.13/2.10.1/akka-testkit_2.13-2.10.1.jar:/home/vscode/.m2/repository/org/junit/jupiter/junit-jupiter/5.10.1/junit-jupiter-5.10.1.jar:/home/vscode/.m2/repository/org/junit/jupiter/junit-jupiter-api/5.10.1/junit-jupiter-api-5.10.1.jar:/home/vscode/.m2/repository/org/opentest4j/opentest4j/1.3.0/opentest4j-1.3.0.jar:/home/vscode/.m2/repository/org/junit/platform/junit-platform-commons/1.10.1/junit-platform-commons-1.10.1.jar:/home/vscode/.m2/repository/org/apiguardian/apiguardian-api/1.1.2/apiguardian-api-1.1.2.jar:/home/vscode/.m2/repository/org/junit/jupiter/junit-jupiter-params/5.10.1/junit-jupiter-params-5.10.1.jar:/home/vscode/.m2/repository/org/junit/jupiter/junit-jupiter-engine/5.10.1/junit-jupiter-engine-5.10.1.jar:/home/vscode/.m2/repository/org/junit/platform/junit-platform-engine/1.10.1/junit-platform-engine-1.10.1.jar:/home/vscode/.m2/repository/org/awaitility/awaitility/4.2.1/awaitility-4.2.1.jar:/home/vscode/.m2/repository/org/hamcrest/hamcrest/2.1/hamcrest-2.1.jar:/home/vscode/.m2/repository/org/assertj/assertj-core/3.24.2/assertj-core-3.24.2.jar:/home/vscode/.m2/repository/net/bytebuddy/byte-buddy/1.12.21/byte-buddy-1.12.21.jar:/home/vscode/.m2/repository/io/kalix/kalix-dev-runtime_2.13/1.3.6/kalix-dev-runtime_2.13-1.3.6.jar:/home/vscode/.m2/repository/io/kalix/akka-runtime-core_2.13/1.3.6/akka-runtime-core_2.13-1.3.6.jar:/home/vscode/.m2/repository/com/typesafe/akka/akka-persistence_2.13/2.10.1/akka-persistence_2.13-2.10.1.jar:/home/vscode/.m2/repository/com/typesafe/akka/akka-persistence-typed_2.13/2.10.1/akka-persistence-typed_2.13-2.10.1.jar:/home/vscode/.m2/repository/com/typesafe/akka/akka-persistence-query_2.13/2.10.1/akka-persistence-query_2.13-2.10.1.jar:/home/vscode/.m2/repository/com/typesafe/akka/akka-serialization-jackson_2.13/2.10.1/akka-serialization-jackson_2.13-2.10.1.jar:/home/vscode/.m2/repository/com/fasterxml/jackson/dataformat/jackson-dataformat-cbor/2.17.2/jackson-dataformat-cbor-2.17.2.jar:/home/vscode/.m2/repository/com/fasterxml/jackson/module/jackson-module-scala_2.13/2.17.2/jackson-module-scala_2.13-2.17.2.jar:/home/vscode/.m2/repository/com/thoughtworks/paranamer/paranamer/2.8/paranamer-2.8.jar:/home/vscode/.m2/repository/org/lz4/lz4-java/1.8.0/lz4-java-1.8.0.jar:/home/vscode/.m2/repository/com/typesafe/akka/akka-stream-typed_2.13/2.10.1/akka-stream-typed_2.13-2.10.1.jar:/home/vscode/.m2/repository/com/typesafe/akka/akka-remote_2.13/2.10.1/akka-remote_2.13-2.10.1.jar:/home/vscode/.m2/repository/org/agrona/agrona/1.22.0/agrona-1.22.0.jar:/home/vscode/.m2/repository/com/typesafe/akka/akka-cluster_2.13/2.10.1/akka-cluster_2.13-2.10.1.jar:/home/vscode/.m2/repository/com/typesafe/akka/akka-coordination_2.13/2.10.1/akka-coordination_2.13-2.10.1.jar:/home/vscode/.m2/repository/com/typesafe/akka/akka-cluster-typed_2.13/2.10.1/akka-cluster-typed_2.13-2.10.1.jar:/home/vscode/.m2/repository/com/typesafe/akka/akka-cluster-tools_2.13/2.10.1/akka-cluster-tools_2.13-2.10.1.jar:/home/vscode/.m2/repository/com/typesafe/akka/akka-distributed-data_2.13/2.10.1/akka-distributed-data_2.13-2.10.1.jar:/home/vscode/.m2/repository/org/lmdbjava/lmdbjava/0.9.0/lmdbjava-0.9.0.jar:/home/vscode/.m2/repository/com/github/jnr/jnr-constants/0.10.4/jnr-constants-0.10.4.jar:/home/vscode/.m2/repository/com/github/jnr/jnr-ffi/2.2.15/jnr-ffi-2.2.15.jar:/home/vscode/.m2/repository/com/github/jnr/jffi/1.3.12/jffi-1.3.12.jar:/home/vscode/.m2/repository/com/github/jnr/jffi/1.3.12/jffi-1.3.12-native.jar:/home/vscode/.m2/repository/org/ow2/asm/asm/9.2/asm-9.2.jar:/home/vscode/.m2/repository/org/ow2/asm/asm-commons/9.2/asm-commons-9.2.jar:/home/vscode/.m2/repository/org/ow2/asm/asm-analysis/9.2/asm-analysis-9.2.jar:/home/vscode/.m2/repository/org/ow2/asm/asm-tree/9.2/asm-tree-9.2.jar:/home/vscode/.m2/repository/org/ow2/asm/asm-util/9.2/asm-util-9.2.jar:/home/vscode/.m2/repository/com/github/jnr/jnr-a64asm/1.0.0/jnr-a64asm-1.0.0.jar:/home/vscode/.m2/repository/com/github/jnr/jnr-x86asm/1.0.2/jnr-x86asm-1.0.2.jar:/home/vscode/.m2/repository/com/typesafe/akka/akka-cluster-sharding_2.13/2.10.1/akka-cluster-sharding_2.13-2.10.1.jar:/home/vscode/.m2/repository/com/typesafe/akka/akka-cluster-sharding-typed_2.13/2.10.1/akka-cluster-sharding-typed_2.13-2.10.1.jar:/home/vscode/.m2/repository/com/typesafe/ssl-config-core_2.13/0.6.1/ssl-config-core_2.13-0.6.1.jar:/home/vscode/.m2/repository/org/scala-lang/modules/scala-parser-combinators_2.13/2.4.0/scala-parser-combinators_2.13-2.4.0.jar:/home/vscode/.m2/repository/io/grpc/grpc-auth/1.70.0/grpc-auth-1.70.0.jar:/home/vscode/.m2/repository/com/google/auth/google-auth-library-credentials/1.24.1/google-auth-library-credentials-1.24.1.jar:/home/vscode/.m2/repository/com/google/auth/google-auth-library-oauth2-http/1.32.1/google-auth-library-oauth2-http-1.32.1.jar:/home/vscode/.m2/repository/com/google/auto/value/auto-value-annotations/1.11.0/auto-value-annotations-1.11.0.jar:/home/vscode/.m2/repository/com/google/http-client/google-http-client/1.46.0/google-http-client-1.46.0.jar:/home/vscode/.m2/repository/org/apache/httpcomponents/httpclient/4.5.14/httpclient-4.5.14.jar:/home/vscode/.m2/repository/commons-codec/commons-codec/1.11/commons-codec-1.11.jar:/home/vscode/.m2/repository/org/apache/httpcomponents/httpcore/4.4.16/httpcore-4.4.16.jar:/home/vscode/.m2/repository/io/opencensus/opencensus-api/0.31.1/opencensus-api-0.31.1.jar:/home/vscode/.m2/repository/io/opencensus/opencensus-contrib-http-util/0.31.1/opencensus-contrib-http-util-0.31.1.jar:/home/vscode/.m2/repository/com/google/http-client/google-http-client-gson/1.46.0/google-http-client-gson-1.46.0.jar:/home/vscode/.m2/repository/com/typesafe/akka/akka-stream-kafka_2.13/7.0.0/akka-stream-kafka_2.13-7.0.0.jar:/home/vscode/.m2/repository/org/apache/kafka/kafka-clients/3.7.1/kafka-clients-3.7.1.jar:/home/vscode/.m2/repository/com/github/luben/zstd-jni/1.5.6-3/zstd-jni-1.5.6-3.jar:/home/vscode/.m2/repository/org/xerial/snappy/snappy-java/1.1.10.5/snappy-java-1.1.10.5.jar:/home/vscode/.m2/repository/com/typesafe/akka/akka-http-spray-json_2.13/10.7.0/akka-http-spray-json_2.13-10.7.0.jar:/home/vscode/.m2/repository/com/lightbend/akka/management/akka-management-cluster-bootstrap_2.13/1.6.0/akka-management-cluster-bootstrap_2.13-1.6.0.jar:/home/vscode/.m2/repository/com/lightbend/akka/management/akka-management_2.13/1.6.0/akka-management_2.13-1.6.0.jar:/home/vscode/.m2/repository/com/lightbend/akka/discovery/akka-discovery-kubernetes-api_2.13/1.6.0/akka-discovery-kubernetes-api_2.13-1.6.0.jar:/home/vscode/.m2/repository/com/lightbend/akka/management/akka-management-pki_2.13/1.6.0/akka-management-pki_2.13-1.6.0.jar:/home/vscode/.m2/repository/com/lightbend/akka/management/akka-rolling-update-kubernetes_2.13/1.6.0/akka-rolling-update-kubernetes_2.13-1.6.0.jar:/home/vscode/.m2/repository/com/lightbend/akka/management/akka-management-loglevels-logback_2.13/1.6.0/akka-management-loglevels-logback_2.13-1.6.0.jar:/home/vscode/.m2/repository/com/lightbend/akka/akka-projection-core_2.13/1.6.8/akka-projection-core_2.13-1.6.8.jar:/home/vscode/.m2/repository/com/lightbend/akka/akka-projection-eventsourced_2.13/1.6.8/akka-projection-eventsourced_2.13-1.6.8.jar:/home/vscode/.m2/repository/com/lightbend/akka/akka-projection-durable-state_2.13/1.6.8/akka-projection-durable-state_2.13-1.6.8.jar:/home/vscode/.m2/repository/com/lightbend/akka/akka-persistence-r2dbc_2.13/1.3.3/akka-persistence-r2dbc_2.13-1.3.3.jar:/home/vscode/.m2/repository/io/r2dbc/r2dbc-pool/1.0.2.RELEASE/r2dbc-pool-1.0.2.RELEASE.jar:/home/vscode/.m2/repository/io/projectreactor/reactor-core/3.5.20/reactor-core-3.5.20.jar:/home/vscode/.m2/repository/io/projectreactor/addons/reactor-pool/1.0.8/reactor-pool-1.0.8.jar:/home/vscode/.m2/repository/org/postgresql/r2dbc-postgresql/1.0.7.RELEASE/r2dbc-postgresql-1.0.7.RELEASE.jar:/home/vscode/.m2/repository/com/ongres/scram/client/2.1/client-2.1.jar:/home/vscode/.m2/repository/com/ongres/scram/common/2.1/common-2.1.jar:/home/vscode/.m2/repository/com/ongres/stringprep/saslprep/1.1/saslprep-1.1.jar:/home/vscode/.m2/repository/com/ongres/stringprep/stringprep/1.1/stringprep-1.1.jar:/home/vscode/.m2/repository/io/projectreactor/netty/reactor-netty-core/1.1.22/reactor-netty-core-1.1.22.jar:/home/vscode/.m2/repository/io/netty/netty-handler/4.1.112.Final/netty-handler-4.1.112.Final.jar:/home/vscode/.m2/repository/io/netty/netty-common/4.1.112.Final/netty-common-4.1.112.Final.jar:/home/vscode/.m2/repository/io/netty/netty-resolver/4.1.112.Final/netty-resolver-4.1.112.Final.jar:/home/vscode/.m2/repository/io/netty/netty-buffer/4.1.112.Final/netty-buffer-4.1.112.Final.jar:/home/vscode/.m2/repository/io/netty/netty-transport/4.1.112.Final/netty-transport-4.1.112.Final.jar:/home/vscode/.m2/repository/io/netty/netty-transport-native-unix-common/4.1.112.Final/netty-transport-native-unix-common-4.1.112.Final.jar:/home/vscode/.m2/repository/io/netty/netty-codec/4.1.112.Final/netty-codec-4.1.112.Final.jar:/home/vscode/.m2/repository/io/netty/netty-handler-proxy/4.1.112.Final/netty-handler-proxy-4.1.112.Final.jar:/home/vscode/.m2/repository/io/netty/netty-codec-socks/4.1.112.Final/netty-codec-socks-4.1.112.Final.jar:/home/vscode/.m2/repository/io/netty/netty-codec-http/4.1.112.Final/netty-codec-http-4.1.112.Final.jar:/home/vscode/.m2/repository/io/netty/netty-resolver-dns/4.1.112.Final/netty-resolver-dns-4.1.112.Final.jar:/home/vscode/.m2/repository/io/netty/netty-codec-dns/4.1.112.Final/netty-codec-dns-4.1.112.Final.jar:/home/vscode/.m2/repository/io/netty/netty-resolver-dns-native-macos/4.1.112.Final/netty-resolver-dns-native-macos-4.1.112.Final-osx-x86_64.jar:/home/vscode/.m2/repository/io/netty/netty-resolver-dns-classes-macos/4.1.112.Final/netty-resolver-dns-classes-macos-4.1.112.Final.jar:/home/vscode/.m2/repository/io/netty/netty-transport-native-epoll/4.1.112.Final/netty-transport-native-epoll-4.1.112.Final-linux-x86_64.jar:/home/vscode/.m2/repository/io/netty/netty-transport-classes-epoll/4.1.112.Final/netty-transport-classes-epoll-4.1.112.Final.jar:/home/vscode/.m2/repository/com/lightbend/akka/akka-projection-r2dbc_2.13/1.6.8/akka-projection-r2dbc_2.13-1.6.8.jar:/home/vscode/.m2/repository/com/lightbend/akka/akka-projection-grpc_2.13/1.6.8/akka-projection-grpc_2.13-1.6.8.jar:/home/vscode/.m2/repository/com/google/protobuf/protobuf-java-util/3.25.5/protobuf-java-util-3.25.5.jar:/home/vscode/.m2/repository/com/typesafe/akka/akka-persistence-testkit_2.13/2.10.1/akka-persistence-testkit_2.13-2.10.1.jar:/home/vscode/.m2/repository/io/prometheus/simpleclient/0.9.0/simpleclient-0.9.0.jar:/home/vscode/.m2/repository/io/prometheus/simpleclient_common/0.9.0/simpleclient_common-0.9.0.jar:/home/vscode/.m2/repository/io/prometheus/simpleclient_hotspot/0.9.0/simpleclient_hotspot-0.9.0.jar:/home/vscode/.m2/repository/com/github/jwt-scala/jwt-json-common_2.13/10.0.1/jwt-json-common_2.13-10.0.1.jar:/home/vscode/.m2/repository/com/github/jwt-scala/jwt-core_2.13/10.0.1/jwt-core_2.13-10.0.1.jar:/home/vscode/.m2/repository/io/spray/spray-json_2.13/1.3.6/spray-json_2.13-1.3.6.jar:/home/vscode/.m2/repository/com/h2database/h2/2.2.224/h2-2.2.224.jar:/home/vscode/.m2/repository/io/r2dbc/r2dbc-h2/1.0.0.RELEASE/r2dbc-h2-1.0.0.RELEASE.jar:/home/vscode/.m2/repository/io/r2dbc/r2dbc-spi/1.0.0.RELEASE/r2dbc-spi-1.0.0.RELEASE.jar:"/>
    <property name="sun.cpu.endian" value="little"/>
    <property name="user.home" value="/home/vscode"/>
    <property name="user.language" value="en"/>
    <property name="java.specification.vendor" value="Oracle Corporation"/>
    <property name="java.version.date" value="2025-01-21"/>
    <property name="java.home" value="/usr/local/sdkman/candidates/java/21.0.6-ms"/>
    <property name="file.separator" value="/"/>
    <property name="basedir" value="/workspaces/akkademy-akka-101/Exercises/0_end/helloworld"/>
    <property name="java.vm.compressedOopsMode" value="32-bit"/>
    <property name="line.separator" value="&#10;"/>
    <property name="java.specification.name" value="Java Platform API Specification"/>
    <property name="java.vm.specification.vendor" value="Oracle Corporation"/>
    <property name="logback.configurationFile" value="logback-runtime-dev-mode.xml"/>
    <property name="surefire.real.class.path" value="/workspaces/akkademy-akka-101/Exercises/0_end/helloworld/target/surefire/surefirebooter8027547349097242752.jar"/>
    <property name="sun.management.compiler" value="HotSpot 64-Bit Tiered Compilers"/>
    <property name="java.runtime.version" value="21.0.6+7-LTS"/>
    <property name="user.name" value="vscode"/>
    <property name="stdout.encoding" value="UTF-8"/>
    <property name="path.separator" value=":"/>
    <property name="os.version" value="6.8.0-1021-azure"/>
    <property name="java.runtime.name" value="OpenJDK Runtime Environment"/>
    <property name="file.encoding" value="UTF-8"/>
    <property name="java.vm.name" value="OpenJDK 64-Bit Server VM"/>
    <property name="java.vendor.version" value="Microsoft-10800198"/>
    <property name="localRepository" value="/home/vscode/.m2/repository"/>
    <property name="java.vendor.url.bug" value="https://github.com/microsoft/openjdk/issues"/>
    <property name="java.io.tmpdir" value="/tmp"/>
    <property name="java.version" value="21.0.6"/>
    <property name="user.dir" value="/workspaces/akkademy-akka-101/Exercises/0_end/helloworld"/>
    <property name="os.arch" value="amd64"/>
    <property name="java.vm.specification.name" value="Java Virtual Machine Specification"/>
    <property name="native.encoding" value="UTF-8"/>
    <property name="java.library.path" value="/usr/java/packages/lib:/usr/lib64:/lib64:/lib:/usr/lib"/>
    <property name="java.vm.info" value="mixed mode, sharing"/>
    <property name="stderr.encoding" value="UTF-8"/>
    <property name="java.vendor" value="Microsoft"/>
    <property name="java.vm.version" value="21.0.6+7-LTS"/>
    <property name="sun.io.unicode.encoding" value="UnicodeLittle"/>
    <property name="java.class.version" value="65.0"/>
  </properties>
  <testcase name="testLineItemWithQuantityCreatesNewInstance" classname="shoppingcart.domain.ShoppingCartTest" time="0.039"/>
  <testcase name="testEmptyCartIsValid" classname="shoppingcart.domain.ShoppingCartTest" time="0.009"/>
  <testcase name="testShoppingCartFields" classname="shoppingcart.domain.ShoppingCartTest" time="0.001"/>
</testsuite>